{"/Users/resilient/Desktop/RC BootCamp/week17-Cohort/BetOnMe/controllers/auth.js": {"path":"/Users/resilient/Desktop/RC BootCamp/week17-Cohort/BetOnMe/controllers/auth.js","statementMap":{"0":{"start":{"line":1,"column":17},"end":{"line":1,"column":36}},"1":{"start":{"line":2,"column":18},"end":{"line":2,"column":38}},"2":{"start":{"line":3,"column":13},"end":{"line":3,"column":38}},"3":{"start":{"line":5,"column":0},"end":{"line":11,"column":2}},"4":{"start":{"line":6,"column":2},"end":{"line":8,"column":3}},"5":{"start":{"line":7,"column":4},"end":{"line":7,"column":40}},"6":{"start":{"line":10,"column":2},"end":{"line":10,"column":20}},"7":{"start":{"line":13,"column":0},"end":{"line":48,"column":2}},"8":{"start":{"line":14,"column":27},"end":{"line":14,"column":29}},"9":{"start":{"line":15,"column":2},"end":{"line":16,"column":74}},"10":{"start":{"line":16,"column":4},"end":{"line":16,"column":74}},"11":{"start":{"line":17,"column":2},"end":{"line":18,"column":64}},"12":{"start":{"line":18,"column":4},"end":{"line":18,"column":64}},"13":{"start":{"line":20,"column":2},"end":{"line":25,"column":3}},"14":{"start":{"line":21,"column":4},"end":{"line":21,"column":42}},"15":{"start":{"line":23,"column":4},"end":{"line":23,"column":32}},"16":{"start":{"line":24,"column":4},"end":{"line":24,"column":29}},"17":{"start":{"line":26,"column":2},"end":{"line":28,"column":5}},"18":{"start":{"line":30,"column":2},"end":{"line":47,"column":21}},"19":{"start":{"line":31,"column":4},"end":{"line":33,"column":5}},"20":{"start":{"line":32,"column":6},"end":{"line":32,"column":23}},"21":{"start":{"line":34,"column":4},"end":{"line":39,"column":5}},"22":{"start":{"line":35,"column":6},"end":{"line":35,"column":32}},"23":{"start":{"line":37,"column":6},"end":{"line":37,"column":34}},"24":{"start":{"line":38,"column":6},"end":{"line":38,"column":31}},"25":{"start":{"line":40,"column":4},"end":{"line":46,"column":7}},"26":{"start":{"line":41,"column":6},"end":{"line":43,"column":7}},"27":{"start":{"line":42,"column":8},"end":{"line":42,"column":25}},"28":{"start":{"line":44,"column":6},"end":{"line":44,"column":67}},"29":{"start":{"line":45,"column":6},"end":{"line":45,"column":59}},"30":{"start":{"line":61,"column":0},"end":{"line":75,"column":2}},"31":{"start":{"line":62,"column":2},"end":{"line":73,"column":4}},"32":{"start":{"line":63,"column":4},"end":{"line":63,"column":30}},"33":{"start":{"line":63,"column":13},"end":{"line":63,"column":29}},"34":{"start":{"line":65,"column":4},"end":{"line":65,"column":39}},"35":{"start":{"line":67,"column":4},"end":{"line":72,"column":6}},"36":{"start":{"line":68,"column":6},"end":{"line":69,"column":81}},"37":{"start":{"line":69,"column":8},"end":{"line":69,"column":81}},"38":{"start":{"line":71,"column":6},"end":{"line":71,"column":24}},"39":{"start":{"line":77,"column":0},"end":{"line":84,"column":2}},"40":{"start":{"line":78,"column":2},"end":{"line":80,"column":3}},"41":{"start":{"line":79,"column":4},"end":{"line":79,"column":40}},"42":{"start":{"line":83,"column":2},"end":{"line":83,"column":20}},"43":{"start":{"line":86,"column":0},"end":{"line":136,"column":2}},"44":{"start":{"line":87,"column":27},"end":{"line":87,"column":29}},"45":{"start":{"line":88,"column":2},"end":{"line":89,"column":74}},"46":{"start":{"line":89,"column":4},"end":{"line":89,"column":74}},"47":{"start":{"line":90,"column":2},"end":{"line":93,"column":7}},"48":{"start":{"line":91,"column":4},"end":{"line":93,"column":7}},"49":{"start":{"line":94,"column":2},"end":{"line":95,"column":61}},"50":{"start":{"line":95,"column":4},"end":{"line":95,"column":61}},"51":{"start":{"line":97,"column":2},"end":{"line":102,"column":3}},"52":{"start":{"line":98,"column":4},"end":{"line":98,"column":42}},"53":{"start":{"line":100,"column":4},"end":{"line":100,"column":33}},"54":{"start":{"line":101,"column":4},"end":{"line":101,"column":29}},"55":{"start":{"line":103,"column":2},"end":{"line":105,"column":5}},"56":{"start":{"line":107,"column":15},"end":{"line":113,"column":4}},"57":{"start":{"line":115,"column":2},"end":{"line":115,"column":26}},"58":{"start":{"line":117,"column":23},"end":{"line":119,"column":3}},"59":{"start":{"line":120,"column":2},"end":{"line":127,"column":7}},"60":{"start":{"line":121,"column":8},"end":{"line":123,"column":11}},"61":{"start":{"line":125,"column":8},"end":{"line":125,"column":37}},"62":{"start":{"line":126,"column":8},"end":{"line":126,"column":33}},"63":{"start":{"line":128,"column":2},"end":{"line":135,"column":5}},"64":{"start":{"line":129,"column":16},"end":{"line":134,"column":9}},"65":{"start":{"line":130,"column":8},"end":{"line":132,"column":9}},"66":{"start":{"line":131,"column":10},"end":{"line":131,"column":27}},"67":{"start":{"line":133,"column":8},"end":{"line":133,"column":37}}},"fnMap":{"0":{"name":"(anonymous_0)","decl":{"start":{"line":5,"column":19},"end":{"line":5,"column":20}},"loc":{"start":{"line":5,"column":33},"end":{"line":11,"column":1}},"line":5},"1":{"name":"(anonymous_1)","decl":{"start":{"line":13,"column":20},"end":{"line":13,"column":21}},"loc":{"start":{"line":13,"column":40},"end":{"line":48,"column":1}},"line":13},"2":{"name":"(anonymous_2)","decl":{"start":{"line":30,"column":33},"end":{"line":30,"column":34}},"loc":{"start":{"line":30,"column":54},"end":{"line":47,"column":3}},"line":30},"3":{"name":"(anonymous_3)","decl":{"start":{"line":40,"column":20},"end":{"line":40,"column":21}},"loc":{"start":{"line":40,"column":29},"end":{"line":46,"column":5}},"line":40},"4":{"name":"(anonymous_4)","decl":{"start":{"line":61,"column":17},"end":{"line":61,"column":18}},"loc":{"start":{"line":61,"column":31},"end":{"line":75,"column":1}},"line":61},"5":{"name":"(anonymous_5)","decl":{"start":{"line":62,"column":13},"end":{"line":62,"column":14}},"loc":{"start":{"line":62,"column":26},"end":{"line":73,"column":3}},"line":62},"6":{"name":"(anonymous_6)","decl":{"start":{"line":67,"column":24},"end":{"line":67,"column":25}},"loc":{"start":{"line":67,"column":33},"end":{"line":72,"column":5}},"line":67},"7":{"name":"(anonymous_7)","decl":{"start":{"line":77,"column":20},"end":{"line":77,"column":21}},"loc":{"start":{"line":77,"column":34},"end":{"line":84,"column":1}},"line":77},"8":{"name":"(anonymous_8)","decl":{"start":{"line":86,"column":21},"end":{"line":86,"column":22}},"loc":{"start":{"line":86,"column":47},"end":{"line":136,"column":1}},"line":86},"9":{"name":"(anonymous_9)","decl":{"start":{"line":129,"column":8},"end":{"line":129,"column":9}},"loc":{"start":{"line":129,"column":15},"end":{"line":135,"column":3}},"line":129},"10":{"name":"(anonymous_10)","decl":{"start":{"line":129,"column":32},"end":{"line":129,"column":33}},"loc":{"start":{"line":129,"column":41},"end":{"line":134,"column":7}},"line":129}},"branchMap":{"0":{"loc":{"start":{"line":6,"column":2},"end":{"line":8,"column":3}},"type":"if","locations":[{"start":{"line":6,"column":2},"end":{"line":8,"column":3}},{"start":{},"end":{}}],"line":6},"1":{"loc":{"start":{"line":15,"column":2},"end":{"line":16,"column":74}},"type":"if","locations":[{"start":{"line":15,"column":2},"end":{"line":16,"column":74}},{"start":{},"end":{}}],"line":15},"2":{"loc":{"start":{"line":17,"column":2},"end":{"line":18,"column":64}},"type":"if","locations":[{"start":{"line":17,"column":2},"end":{"line":18,"column":64}},{"start":{},"end":{}}],"line":17},"3":{"loc":{"start":{"line":20,"column":2},"end":{"line":25,"column":3}},"type":"if","locations":[{"start":{"line":20,"column":2},"end":{"line":25,"column":3}},{"start":{},"end":{}}],"line":20},"4":{"loc":{"start":{"line":31,"column":4},"end":{"line":33,"column":5}},"type":"if","locations":[{"start":{"line":31,"column":4},"end":{"line":33,"column":5}},{"start":{},"end":{}}],"line":31},"5":{"loc":{"start":{"line":34,"column":4},"end":{"line":39,"column":5}},"type":"if","locations":[{"start":{"line":34,"column":4},"end":{"line":39,"column":5}},{"start":{},"end":{}}],"line":34},"6":{"loc":{"start":{"line":41,"column":6},"end":{"line":43,"column":7}},"type":"if","locations":[{"start":{"line":41,"column":6},"end":{"line":43,"column":7}},{"start":{},"end":{}}],"line":41},"7":{"loc":{"start":{"line":45,"column":19},"end":{"line":45,"column":57}},"type":"binary-expr","locations":[{"start":{"line":45,"column":19},"end":{"line":45,"column":39}},{"start":{"line":45,"column":43},"end":{"line":45,"column":57}}],"line":45},"8":{"loc":{"start":{"line":63,"column":4},"end":{"line":63,"column":30}},"type":"if","locations":[{"start":{"line":63,"column":4},"end":{"line":63,"column":30}},{"start":{},"end":{}}],"line":63},"9":{"loc":{"start":{"line":68,"column":6},"end":{"line":69,"column":81}},"type":"if","locations":[{"start":{"line":68,"column":6},"end":{"line":69,"column":81}},{"start":{},"end":{}}],"line":68},"10":{"loc":{"start":{"line":78,"column":2},"end":{"line":80,"column":3}},"type":"if","locations":[{"start":{"line":78,"column":2},"end":{"line":80,"column":3}},{"start":{},"end":{}}],"line":78},"11":{"loc":{"start":{"line":88,"column":2},"end":{"line":89,"column":74}},"type":"if","locations":[{"start":{"line":88,"column":2},"end":{"line":89,"column":74}},{"start":{},"end":{}}],"line":88},"12":{"loc":{"start":{"line":90,"column":2},"end":{"line":93,"column":7}},"type":"if","locations":[{"start":{"line":90,"column":2},"end":{"line":93,"column":7}},{"start":{},"end":{}}],"line":90},"13":{"loc":{"start":{"line":94,"column":2},"end":{"line":95,"column":61}},"type":"if","locations":[{"start":{"line":94,"column":2},"end":{"line":95,"column":61}},{"start":{},"end":{}}],"line":94},"14":{"loc":{"start":{"line":97,"column":2},"end":{"line":102,"column":3}},"type":"if","locations":[{"start":{"line":97,"column":2},"end":{"line":102,"column":3}},{"start":{},"end":{}}],"line":97},"15":{"loc":{"start":{"line":120,"column":2},"end":{"line":127,"column":7}},"type":"if","locations":[{"start":{"line":120,"column":2},"end":{"line":127,"column":7}},{"start":{},"end":{}}],"line":120},"16":{"loc":{"start":{"line":130,"column":8},"end":{"line":132,"column":9}},"type":"if","locations":[{"start":{"line":130,"column":8},"end":{"line":132,"column":9}},{"start":{},"end":{}}],"line":130}},"s":{"0":1,"1":1,"2":1,"3":1,"4":1,"5":1,"6":0,"7":1,"8":0,"9":0,"10":0,"11":0,"12":0,"13":0,"14":0,"15":0,"16":0,"17":0,"18":0,"19":0,"20":0,"21":0,"22":0,"23":0,"24":0,"25":0,"26":0,"27":0,"28":0,"29":0,"30":1,"31":0,"32":0,"33":0,"34":0,"35":0,"36":0,"37":0,"38":0,"39":1,"40":2,"41":1,"42":1,"43":1,"44":0,"45":0,"46":0,"47":0,"48":0,"49":0,"50":0,"51":0,"52":0,"53":0,"54":0,"55":0,"56":0,"57":0,"58":0,"59":0,"60":0,"61":0,"62":0,"63":0,"64":0,"65":0,"66":0,"67":0},"f":{"0":1,"1":0,"2":0,"3":0,"4":0,"5":0,"6":0,"7":2,"8":0,"9":0,"10":0},"b":{"0":[1,0],"1":[0,0],"2":[0,0],"3":[0,0],"4":[0,0],"5":[0,0],"6":[0,0],"7":[0,0],"8":[0,0],"9":[0,0],"10":[1,1],"11":[0,0],"12":[0,0],"13":[0,0],"14":[0,0],"15":[0,0],"16":[0,0]},"_coverageSchema":"1a1c01bbd47fc00a2c39e90264f33305004495a9","hash":"928783cb74e2389973f97479f9af63f072294315"}
,"/Users/resilient/Desktop/RC BootCamp/week17-Cohort/BetOnMe/models/User.js": {"path":"/Users/resilient/Desktop/RC BootCamp/week17-Cohort/BetOnMe/models/User.js","statementMap":{"0":{"start":{"line":1,"column":15},"end":{"line":1,"column":32}},"1":{"start":{"line":2,"column":17},"end":{"line":2,"column":36}},"2":{"start":{"line":4,"column":19},"end":{"line":12,"column":2}},"3":{"start":{"line":16,"column":0},"end":{"line":19,"column":3}},"4":{"start":{"line":17,"column":2},"end":{"line":17,"column":43}},"5":{"start":{"line":17,"column":36},"end":{"line":17,"column":43}},"6":{"start":{"line":18,"column":2},"end":{"line":18,"column":55}},"7":{"start":{"line":23,"column":0},"end":{"line":30,"column":2}},"8":{"start":{"line":27,"column":2},"end":{"line":29,"column":5}},"9":{"start":{"line":28,"column":4},"end":{"line":28,"column":21}},"10":{"start":{"line":32,"column":0},"end":{"line":32,"column":52}}},"fnMap":{"0":{"name":"(anonymous_0)","decl":{"start":{"line":16,"column":23},"end":{"line":16,"column":24}},"loc":{"start":{"line":16,"column":41},"end":{"line":19,"column":1}},"line":16},"1":{"name":"comparePassword","decl":{"start":{"line":23,"column":46},"end":{"line":23,"column":61}},"loc":{"start":{"line":26,"column":2},"end":{"line":30,"column":1}},"line":26},"2":{"name":"(anonymous_2)","decl":{"start":{"line":27,"column":51},"end":{"line":27,"column":52}},"loc":{"start":{"line":27,"column":69},"end":{"line":29,"column":3}},"line":27}},"branchMap":{"0":{"loc":{"start":{"line":17,"column":2},"end":{"line":17,"column":43}},"type":"if","locations":[{"start":{"line":17,"column":2},"end":{"line":17,"column":43}},{"start":{},"end":{}}],"line":17}},"s":{"0":1,"1":1,"2":1,"3":1,"4":0,"5":0,"6":0,"7":1,"8":0,"9":0,"10":1},"f":{"0":0,"1":0,"2":0},"b":{"0":[0,0]},"_coverageSchema":"1a1c01bbd47fc00a2c39e90264f33305004495a9","hash":"de9308bd74d5c9e8bd2380368a19866d0926d244"}
}
